10:16:36.024 DEBUG com.cognifide.qa.bb.aem.core.modules.Aem65FullModule:39 - Configuring Bobcat module: Aem65FullModule
10:16:36.216 DEBUG com.cognifide.qa.bb.aem.core.modules.AemLoginModule:42 - Configuring Bobcat module: AemLoginModule
10:16:36.256 DEBUG com.cognifide.qa.bb.aem.core.modules.AemSitesAdminModule:47 - Configuring Bobcat module: AemSitesAdminModule
10:16:36.281 DEBUG com.cognifide.qa.bb.aem.core.modules.SlingPageActionsModule:40 - Configuring Bobcat module: SlingPageActionsModule
10:16:36.292 DEBUG com.cognifide.qa.bb.aem.core.modules.AemComponentModule:51 - Configuring Bobcat module: AemComponentModule
10:16:36.340 DEBUG com.cognifide.qa.bb.aem.core.modules.AemSidePanelModule:39 - Configuring Bobcat module: AemSidePanelModule
10:16:36.347 DEBUG com.cognifide.qa.bb.aem.core.modules.AemPageModule:40 - Configuring Bobcat module: AemPageModule
10:16:36.351 DEBUG com.cognifide.qa.bb.aem.core.modules.fields.DialogFieldsModule:54 - Configuring Bobcat module: DialogFieldsModule
10:16:36.364 DEBUG com.cognifide.qa.bb.aem.core.modules.fields.FieldsRegistryModule:49 - Configuring Bobcat module: FieldsRegistryModule
10:16:36.364 DEBUG com.cognifide.qa.bb.aem.core.modules.fields.FieldsRegistryModule:51 - Registering dialog fields...
10:16:36.367 DEBUG com.cognifide.qa.bb.aem.core.modules.fields.FieldsRegistryModule:72 - - registering field: CHECKBOX [class com.cognifide.qa.bb.aem.core.component.dialog.dialogfields.DefaultCheckbox]
10:16:36.368 DEBUG com.cognifide.qa.bb.aem.core.modules.fields.FieldsRegistryModule:72 - - registering field: TEXTFIELD [class com.cognifide.qa.bb.aem.core.component.dialog.dialogfields.DefaultTextfield]
10:16:36.369 DEBUG com.cognifide.qa.bb.aem.core.modules.fields.FieldsRegistryModule:72 - - registering field: IMAGE [class com.cognifide.qa.bb.aem.core.component.dialog.dialogfields.DefaultImage]
10:16:36.369 DEBUG com.cognifide.qa.bb.aem.core.modules.fields.FieldsRegistryModule:72 - - registering field: PATHBROWSER [class com.cognifide.qa.bb.aem.core.component.dialog.dialogfields.DefaultPathBrowser]
10:16:36.370 DEBUG com.cognifide.qa.bb.aem.core.modules.fields.FieldsRegistryModule:72 - - registering field: SELECT [class com.cognifide.qa.bb.aem.core.component.dialog.dialogfields.DefaultSelect]
10:16:36.371 DEBUG com.cognifide.qa.bb.aem.core.modules.fields.FieldsRegistryModule:72 - - registering field: MULTIFIELD [class com.cognifide.qa.bb.aem.core.component.dialog.dialogfields.DefaultMultifield]
10:16:36.372 DEBUG com.cognifide.qa.bb.aem.core.modules.fields.FieldsRegistryModule:72 - - registering field: MULTIFIELD_ITEM [class com.cognifide.qa.bb.aem.core.component.dialog.dialogfields.DefaultMultifieldItem]
10:16:36.372 DEBUG com.cognifide.qa.bb.aem.core.modules.fields.FieldsRegistryModule:72 - - registering field: RADIO_GROUP [class com.cognifide.qa.bb.aem.core.component.dialog.dialogfields.DefaultRadioGroup]
10:16:36.373 DEBUG com.cognifide.qa.bb.aem.core.modules.fields.FieldsRegistryModule:72 - - registering field: RICHTEXT [class com.cognifide.qa.bb.aem.core.component.dialog.dialogfields.DefaultRichText]
10:16:36.374 DEBUG com.cognifide.qa.bb.aem.core.modules.fields.FieldsRegistryModule:72 - - registering field: RTE_OPTIONS [class com.cognifide.qa.bb.aem.core.component.dialog.dialogfields.rte.RteOption]
10:16:36.376 DEBUG com.cognifide.qa.bb.aem.core.modules.fields.FieldsRegistryModule:72 - - registering field: RTE_OPTIONS_HYPERLINK [class com.cognifide.qa.bb.aem.core.component.dialog.dialogfields.rte.Hyperlink]
10:16:36.378 DEBUG com.cognifide.qa.bb.aem.core.modules.fields.FieldsRegistryModule:72 - - registering field: RTE_OPTIONS_LISTS [class com.cognifide.qa.bb.aem.core.component.dialog.dialogfields.rte.Lists]
10:16:36.379 DEBUG com.cognifide.qa.bb.aem.core.modules.fields.FieldsRegistryModule:72 - - registering field: RTE_OPTIONS_PARAGRAPH_FORMATS [class com.cognifide.qa.bb.aem.core.component.dialog.dialogfields.rte.ParagraphFormats]
11:51:37.589 DEBUG com.cognifide.qa.bb.aem.core.modules.Aem65FullModule:39 - Configuring Bobcat module: Aem65FullModule
11:51:37.650 DEBUG com.cognifide.qa.bb.aem.core.modules.AemLoginModule:42 - Configuring Bobcat module: AemLoginModule
11:51:37.658 DEBUG com.cognifide.qa.bb.aem.core.modules.AemSitesAdminModule:47 - Configuring Bobcat module: AemSitesAdminModule
11:51:37.662 DEBUG com.cognifide.qa.bb.aem.core.modules.SlingPageActionsModule:40 - Configuring Bobcat module: SlingPageActionsModule
11:51:37.664 DEBUG com.cognifide.qa.bb.aem.core.modules.AemComponentModule:51 - Configuring Bobcat module: AemComponentModule
11:51:37.671 DEBUG com.cognifide.qa.bb.aem.core.modules.AemSidePanelModule:39 - Configuring Bobcat module: AemSidePanelModule
11:51:37.673 DEBUG com.cognifide.qa.bb.aem.core.modules.AemPageModule:40 - Configuring Bobcat module: AemPageModule
11:51:37.674 DEBUG com.cognifide.qa.bb.aem.core.modules.fields.DialogFieldsModule:54 - Configuring Bobcat module: DialogFieldsModule
11:51:37.679 DEBUG com.cognifide.qa.bb.aem.core.modules.fields.FieldsRegistryModule:49 - Configuring Bobcat module: FieldsRegistryModule
11:51:37.679 DEBUG com.cognifide.qa.bb.aem.core.modules.fields.FieldsRegistryModule:51 - Registering dialog fields...
11:51:37.680 DEBUG com.cognifide.qa.bb.aem.core.modules.fields.FieldsRegistryModule:72 - - registering field: CHECKBOX [class com.cognifide.qa.bb.aem.core.component.dialog.dialogfields.DefaultCheckbox]
11:51:37.681 DEBUG com.cognifide.qa.bb.aem.core.modules.fields.FieldsRegistryModule:72 - - registering field: TEXTFIELD [class com.cognifide.qa.bb.aem.core.component.dialog.dialogfields.DefaultTextfield]
11:51:37.681 DEBUG com.cognifide.qa.bb.aem.core.modules.fields.FieldsRegistryModule:72 - - registering field: IMAGE [class com.cognifide.qa.bb.aem.core.component.dialog.dialogfields.DefaultImage]
11:51:37.681 DEBUG com.cognifide.qa.bb.aem.core.modules.fields.FieldsRegistryModule:72 - - registering field: PATHBROWSER [class com.cognifide.qa.bb.aem.core.component.dialog.dialogfields.DefaultPathBrowser]
11:51:37.682 DEBUG com.cognifide.qa.bb.aem.core.modules.fields.FieldsRegistryModule:72 - - registering field: SELECT [class com.cognifide.qa.bb.aem.core.component.dialog.dialogfields.DefaultSelect]
11:51:37.682 DEBUG com.cognifide.qa.bb.aem.core.modules.fields.FieldsRegistryModule:72 - - registering field: MULTIFIELD [class com.cognifide.qa.bb.aem.core.component.dialog.dialogfields.DefaultMultifield]
11:51:37.682 DEBUG com.cognifide.qa.bb.aem.core.modules.fields.FieldsRegistryModule:72 - - registering field: MULTIFIELD_ITEM [class com.cognifide.qa.bb.aem.core.component.dialog.dialogfields.DefaultMultifieldItem]
11:51:37.683 DEBUG com.cognifide.qa.bb.aem.core.modules.fields.FieldsRegistryModule:72 - - registering field: RADIO_GROUP [class com.cognifide.qa.bb.aem.core.component.dialog.dialogfields.DefaultRadioGroup]
11:51:37.683 DEBUG com.cognifide.qa.bb.aem.core.modules.fields.FieldsRegistryModule:72 - - registering field: RICHTEXT [class com.cognifide.qa.bb.aem.core.component.dialog.dialogfields.DefaultRichText]
11:51:37.684 DEBUG com.cognifide.qa.bb.aem.core.modules.fields.FieldsRegistryModule:72 - - registering field: RTE_OPTIONS [class com.cognifide.qa.bb.aem.core.component.dialog.dialogfields.rte.RteOption]
11:51:37.685 DEBUG com.cognifide.qa.bb.aem.core.modules.fields.FieldsRegistryModule:72 - - registering field: RTE_OPTIONS_HYPERLINK [class com.cognifide.qa.bb.aem.core.component.dialog.dialogfields.rte.Hyperlink]
11:51:37.685 DEBUG com.cognifide.qa.bb.aem.core.modules.fields.FieldsRegistryModule:72 - - registering field: RTE_OPTIONS_LISTS [class com.cognifide.qa.bb.aem.core.component.dialog.dialogfields.rte.Lists]
11:51:37.686 DEBUG com.cognifide.qa.bb.aem.core.modules.fields.FieldsRegistryModule:72 - - registering field: RTE_OPTIONS_PARAGRAPH_FORMATS [class com.cognifide.qa.bb.aem.core.component.dialog.dialogfields.rte.ParagraphFormats]
11:51:57.171 ERROR com.cognifide.qa.bb.aem.core.login.AemAuthCookieFactoryImpl:96 - Can't get AEM authentication cookie
org.apache.http.conn.HttpHostConnectException: Connect to localhost:4502 [localhost/127.0.0.1, localhost/0:0:0:0:0:0:0:1] failed: Connection refused: connect
	at org.apache.http.impl.conn.DefaultHttpClientConnectionOperator.connect(DefaultHttpClientConnectionOperator.java:159)
	at org.apache.http.impl.conn.PoolingHttpClientConnectionManager.connect(PoolingHttpClientConnectionManager.java:373)
	at org.apache.http.impl.execchain.MainClientExec.establishRoute(MainClientExec.java:381)
	at org.apache.http.impl.execchain.MainClientExec.execute(MainClientExec.java:237)
	at org.apache.http.impl.execchain.ProtocolExec.execute(ProtocolExec.java:185)
	at org.apache.http.impl.execchain.RetryExec.execute(RetryExec.java:89)
	at org.apache.http.impl.execchain.RedirectExec.execute(RedirectExec.java:111)
	at org.apache.http.impl.client.InternalHttpClient.doExecute(InternalHttpClient.java:185)
	at org.apache.http.impl.client.CloseableHttpClient.execute(CloseableHttpClient.java:83)
	at com.cognifide.qa.bb.aem.core.login.AemAuthCookieFactoryImpl.getCookie(AemAuthCookieFactoryImpl.java:93)
	at com.cognifide.qa.bb.aem.core.login.actions.LogIn.execute(LogIn.java:59)
	at com.cognifide.qa.bb.api.actions.internal.DefaultController.execute(DefaultController.java:49)
	at bobcat.gradle.BOBCAT.AEM.BDD.steps.AuthorizationSteps.I_press_login_button(AuthorizationSteps.java:49)
	at sun.reflect.NativeMethodAccessorImpl.invoke0(Native Method)
	at sun.reflect.NativeMethodAccessorImpl.invoke(NativeMethodAccessorImpl.java:62)
	at sun.reflect.DelegatingMethodAccessorImpl.invoke(DelegatingMethodAccessorImpl.java:43)
	at java.lang.reflect.Method.invoke(Method.java:498)
	at cucumber.runtime.Utils$1.call(Utils.java:26)
	at cucumber.runtime.Timeout.timeout(Timeout.java:16)
	at cucumber.runtime.Utils.invoke(Utils.java:20)
	at cucumber.runtime.java.JavaStepDefinition.execute(JavaStepDefinition.java:57)
	at cucumber.runner.PickleStepDefinitionMatch.runStep(PickleStepDefinitionMatch.java:50)
	at cucumber.runner.TestStep.executeStep(TestStep.java:63)
	at cucumber.runner.TestStep.run(TestStep.java:49)
	at cucumber.runner.PickleStepTestStep.run(PickleStepTestStep.java:43)
	at cucumber.runner.TestCase.run(TestCase.java:45)
	at cucumber.runner.Runner.runPickle(Runner.java:40)
	at cucumber.runtime.junit.PickleRunners$NoStepDescriptions.run(PickleRunners.java:146)
	at cucumber.runtime.junit.FeatureRunner.runChild(FeatureRunner.java:68)
	at cucumber.runtime.junit.FeatureRunner.runChild(FeatureRunner.java:23)
	at org.junit.runners.ParentRunner$3.run(ParentRunner.java:290)
	at org.junit.runners.ParentRunner$1.schedule(ParentRunner.java:71)
	at org.junit.runners.ParentRunner.runChildren(ParentRunner.java:288)
	at org.junit.runners.ParentRunner.access$000(ParentRunner.java:58)
	at org.junit.runners.ParentRunner$2.evaluate(ParentRunner.java:268)
	at org.junit.runners.ParentRunner.run(ParentRunner.java:363)
	at cucumber.runtime.junit.FeatureRunner.run(FeatureRunner.java:73)
	at cucumber.api.junit.Cucumber.runChild(Cucumber.java:122)
	at cucumber.api.junit.Cucumber.runChild(Cucumber.java:64)
	at org.junit.runners.ParentRunner$3.run(ParentRunner.java:290)
	at org.junit.runners.ParentRunner$1.schedule(ParentRunner.java:71)
	at org.junit.runners.ParentRunner.runChildren(ParentRunner.java:288)
	at org.junit.runners.ParentRunner.access$000(ParentRunner.java:58)
	at org.junit.runners.ParentRunner$2.evaluate(ParentRunner.java:268)
	at cucumber.api.junit.Cucumber$1.evaluate(Cucumber.java:131)
	at org.junit.runners.ParentRunner.run(ParentRunner.java:363)
	at org.apache.maven.surefire.junit4.JUnit4Provider.execute(JUnit4Provider.java:252)
	at org.apache.maven.surefire.junit4.JUnit4Provider.executeTestSet(JUnit4Provider.java:141)
	at org.apache.maven.surefire.junit4.JUnit4Provider.invoke(JUnit4Provider.java:112)
	at sun.reflect.NativeMethodAccessorImpl.invoke0(Native Method)
	at sun.reflect.NativeMethodAccessorImpl.invoke(NativeMethodAccessorImpl.java:62)
	at sun.reflect.DelegatingMethodAccessorImpl.invoke(DelegatingMethodAccessorImpl.java:43)
	at java.lang.reflect.Method.invoke(Method.java:498)
	at org.apache.maven.surefire.util.ReflectionUtils.invokeMethodWithArray(ReflectionUtils.java:189)
	at org.apache.maven.surefire.booter.ProviderFactory$ProviderProxy.invoke(ProviderFactory.java:165)
	at org.apache.maven.surefire.booter.ProviderFactory.invokeProvider(ProviderFactory.java:85)
	at org.apache.maven.surefire.booter.ForkedBooter.runSuitesInProcess(ForkedBooter.java:115)
	at org.apache.maven.surefire.booter.ForkedBooter.main(ForkedBooter.java:75)
Caused by: java.net.ConnectException: Connection refused: connect
	at java.net.DualStackPlainSocketImpl.connect0(Native Method)
	at java.net.DualStackPlainSocketImpl.socketConnect(DualStackPlainSocketImpl.java:79)
	at java.net.AbstractPlainSocketImpl.doConnect(AbstractPlainSocketImpl.java:350)
	at java.net.AbstractPlainSocketImpl.connectToAddress(AbstractPlainSocketImpl.java:206)
	at java.net.AbstractPlainSocketImpl.connect(AbstractPlainSocketImpl.java:188)
	at java.net.PlainSocketImpl.connect(PlainSocketImpl.java:172)
	at java.net.SocksSocketImpl.connect(SocksSocketImpl.java:392)
	at java.net.Socket.connect(Socket.java:589)
	at org.apache.http.conn.socket.PlainConnectionSocketFactory.connectSocket(PlainConnectionSocketFactory.java:75)
	at org.apache.http.impl.conn.DefaultHttpClientConnectionOperator.connect(DefaultHttpClientConnectionOperator.java:142)
	... 57 common frames omitted
11:55:05.516 DEBUG com.cognifide.qa.bb.aem.core.modules.Aem65FullModule:39 - Configuring Bobcat module: Aem65FullModule
11:55:05.581 DEBUG com.cognifide.qa.bb.aem.core.modules.AemLoginModule:42 - Configuring Bobcat module: AemLoginModule
11:55:05.589 DEBUG com.cognifide.qa.bb.aem.core.modules.AemSitesAdminModule:47 - Configuring Bobcat module: AemSitesAdminModule
11:55:05.595 DEBUG com.cognifide.qa.bb.aem.core.modules.SlingPageActionsModule:40 - Configuring Bobcat module: SlingPageActionsModule
11:55:05.598 DEBUG com.cognifide.qa.bb.aem.core.modules.AemComponentModule:51 - Configuring Bobcat module: AemComponentModule
11:55:05.608 DEBUG com.cognifide.qa.bb.aem.core.modules.AemSidePanelModule:39 - Configuring Bobcat module: AemSidePanelModule
11:55:05.609 DEBUG com.cognifide.qa.bb.aem.core.modules.AemPageModule:40 - Configuring Bobcat module: AemPageModule
11:55:05.611 DEBUG com.cognifide.qa.bb.aem.core.modules.fields.DialogFieldsModule:54 - Configuring Bobcat module: DialogFieldsModule
11:55:05.615 DEBUG com.cognifide.qa.bb.aem.core.modules.fields.FieldsRegistryModule:49 - Configuring Bobcat module: FieldsRegistryModule
11:55:05.615 DEBUG com.cognifide.qa.bb.aem.core.modules.fields.FieldsRegistryModule:51 - Registering dialog fields...
11:55:05.616 DEBUG com.cognifide.qa.bb.aem.core.modules.fields.FieldsRegistryModule:72 - - registering field: CHECKBOX [class com.cognifide.qa.bb.aem.core.component.dialog.dialogfields.DefaultCheckbox]
11:55:05.617 DEBUG com.cognifide.qa.bb.aem.core.modules.fields.FieldsRegistryModule:72 - - registering field: TEXTFIELD [class com.cognifide.qa.bb.aem.core.component.dialog.dialogfields.DefaultTextfield]
11:55:05.617 DEBUG com.cognifide.qa.bb.aem.core.modules.fields.FieldsRegistryModule:72 - - registering field: IMAGE [class com.cognifide.qa.bb.aem.core.component.dialog.dialogfields.DefaultImage]
11:55:05.617 DEBUG com.cognifide.qa.bb.aem.core.modules.fields.FieldsRegistryModule:72 - - registering field: PATHBROWSER [class com.cognifide.qa.bb.aem.core.component.dialog.dialogfields.DefaultPathBrowser]
11:55:05.618 DEBUG com.cognifide.qa.bb.aem.core.modules.fields.FieldsRegistryModule:72 - - registering field: SELECT [class com.cognifide.qa.bb.aem.core.component.dialog.dialogfields.DefaultSelect]
11:55:05.618 DEBUG com.cognifide.qa.bb.aem.core.modules.fields.FieldsRegistryModule:72 - - registering field: MULTIFIELD [class com.cognifide.qa.bb.aem.core.component.dialog.dialogfields.DefaultMultifield]
11:55:05.619 DEBUG com.cognifide.qa.bb.aem.core.modules.fields.FieldsRegistryModule:72 - - registering field: MULTIFIELD_ITEM [class com.cognifide.qa.bb.aem.core.component.dialog.dialogfields.DefaultMultifieldItem]
11:55:05.619 DEBUG com.cognifide.qa.bb.aem.core.modules.fields.FieldsRegistryModule:72 - - registering field: RADIO_GROUP [class com.cognifide.qa.bb.aem.core.component.dialog.dialogfields.DefaultRadioGroup]
11:55:05.619 DEBUG com.cognifide.qa.bb.aem.core.modules.fields.FieldsRegistryModule:72 - - registering field: RICHTEXT [class com.cognifide.qa.bb.aem.core.component.dialog.dialogfields.DefaultRichText]
11:55:05.620 DEBUG com.cognifide.qa.bb.aem.core.modules.fields.FieldsRegistryModule:72 - - registering field: RTE_OPTIONS [class com.cognifide.qa.bb.aem.core.component.dialog.dialogfields.rte.RteOption]
11:55:05.621 DEBUG com.cognifide.qa.bb.aem.core.modules.fields.FieldsRegistryModule:72 - - registering field: RTE_OPTIONS_HYPERLINK [class com.cognifide.qa.bb.aem.core.component.dialog.dialogfields.rte.Hyperlink]
11:55:05.622 DEBUG com.cognifide.qa.bb.aem.core.modules.fields.FieldsRegistryModule:72 - - registering field: RTE_OPTIONS_LISTS [class com.cognifide.qa.bb.aem.core.component.dialog.dialogfields.rte.Lists]
11:55:05.623 DEBUG com.cognifide.qa.bb.aem.core.modules.fields.FieldsRegistryModule:72 - - registering field: RTE_OPTIONS_PARAGRAPH_FORMATS [class com.cognifide.qa.bb.aem.core.component.dialog.dialogfields.rte.ParagraphFormats]
11:55:25.342 ERROR com.cognifide.qa.bb.aem.core.login.AemAuthCookieFactoryImpl:96 - Can't get AEM authentication cookie
org.apache.http.conn.HttpHostConnectException: Connect to localhost:4502 [localhost/127.0.0.1, localhost/0:0:0:0:0:0:0:1] failed: Connection refused: connect
	at org.apache.http.impl.conn.DefaultHttpClientConnectionOperator.connect(DefaultHttpClientConnectionOperator.java:159)
	at org.apache.http.impl.conn.PoolingHttpClientConnectionManager.connect(PoolingHttpClientConnectionManager.java:373)
	at org.apache.http.impl.execchain.MainClientExec.establishRoute(MainClientExec.java:381)
	at org.apache.http.impl.execchain.MainClientExec.execute(MainClientExec.java:237)
	at org.apache.http.impl.execchain.ProtocolExec.execute(ProtocolExec.java:185)
	at org.apache.http.impl.execchain.RetryExec.execute(RetryExec.java:89)
	at org.apache.http.impl.execchain.RedirectExec.execute(RedirectExec.java:111)
	at org.apache.http.impl.client.InternalHttpClient.doExecute(InternalHttpClient.java:185)
	at org.apache.http.impl.client.CloseableHttpClient.execute(CloseableHttpClient.java:83)
	at com.cognifide.qa.bb.aem.core.login.AemAuthCookieFactoryImpl.getCookie(AemAuthCookieFactoryImpl.java:93)
	at com.cognifide.qa.bb.aem.core.login.actions.LogIn.execute(LogIn.java:59)
	at com.cognifide.qa.bb.api.actions.internal.DefaultController.execute(DefaultController.java:49)
	at bobcat.gradle.BOBCAT.AEM.BDD.steps.AuthorizationSteps.I_press_login_button(AuthorizationSteps.java:49)
	at sun.reflect.NativeMethodAccessorImpl.invoke0(Native Method)
	at sun.reflect.NativeMethodAccessorImpl.invoke(NativeMethodAccessorImpl.java:62)
	at sun.reflect.DelegatingMethodAccessorImpl.invoke(DelegatingMethodAccessorImpl.java:43)
	at java.lang.reflect.Method.invoke(Method.java:498)
	at cucumber.runtime.Utils$1.call(Utils.java:26)
	at cucumber.runtime.Timeout.timeout(Timeout.java:16)
	at cucumber.runtime.Utils.invoke(Utils.java:20)
	at cucumber.runtime.java.JavaStepDefinition.execute(JavaStepDefinition.java:57)
	at cucumber.runner.PickleStepDefinitionMatch.runStep(PickleStepDefinitionMatch.java:50)
	at cucumber.runner.TestStep.executeStep(TestStep.java:63)
	at cucumber.runner.TestStep.run(TestStep.java:49)
	at cucumber.runner.PickleStepTestStep.run(PickleStepTestStep.java:43)
	at cucumber.runner.TestCase.run(TestCase.java:45)
	at cucumber.runner.Runner.runPickle(Runner.java:40)
	at cucumber.runtime.junit.PickleRunners$NoStepDescriptions.run(PickleRunners.java:146)
	at cucumber.runtime.junit.FeatureRunner.runChild(FeatureRunner.java:68)
	at cucumber.runtime.junit.FeatureRunner.runChild(FeatureRunner.java:23)
	at org.junit.runners.ParentRunner$3.run(ParentRunner.java:290)
	at org.junit.runners.ParentRunner$1.schedule(ParentRunner.java:71)
	at org.junit.runners.ParentRunner.runChildren(ParentRunner.java:288)
	at org.junit.runners.ParentRunner.access$000(ParentRunner.java:58)
	at org.junit.runners.ParentRunner$2.evaluate(ParentRunner.java:268)
	at org.junit.runners.ParentRunner.run(ParentRunner.java:363)
	at cucumber.runtime.junit.FeatureRunner.run(FeatureRunner.java:73)
	at cucumber.api.junit.Cucumber.runChild(Cucumber.java:122)
	at cucumber.api.junit.Cucumber.runChild(Cucumber.java:64)
	at org.junit.runners.ParentRunner$3.run(ParentRunner.java:290)
	at org.junit.runners.ParentRunner$1.schedule(ParentRunner.java:71)
	at org.junit.runners.ParentRunner.runChildren(ParentRunner.java:288)
	at org.junit.runners.ParentRunner.access$000(ParentRunner.java:58)
	at org.junit.runners.ParentRunner$2.evaluate(ParentRunner.java:268)
	at cucumber.api.junit.Cucumber$1.evaluate(Cucumber.java:131)
	at org.junit.runners.ParentRunner.run(ParentRunner.java:363)
	at org.apache.maven.surefire.junit4.JUnit4Provider.execute(JUnit4Provider.java:252)
	at org.apache.maven.surefire.junit4.JUnit4Provider.executeTestSet(JUnit4Provider.java:141)
	at org.apache.maven.surefire.junit4.JUnit4Provider.invoke(JUnit4Provider.java:112)
	at sun.reflect.NativeMethodAccessorImpl.invoke0(Native Method)
	at sun.reflect.NativeMethodAccessorImpl.invoke(NativeMethodAccessorImpl.java:62)
	at sun.reflect.DelegatingMethodAccessorImpl.invoke(DelegatingMethodAccessorImpl.java:43)
	at java.lang.reflect.Method.invoke(Method.java:498)
	at org.apache.maven.surefire.util.ReflectionUtils.invokeMethodWithArray(ReflectionUtils.java:189)
	at org.apache.maven.surefire.booter.ProviderFactory$ProviderProxy.invoke(ProviderFactory.java:165)
	at org.apache.maven.surefire.booter.ProviderFactory.invokeProvider(ProviderFactory.java:85)
	at org.apache.maven.surefire.booter.ForkedBooter.runSuitesInProcess(ForkedBooter.java:115)
	at org.apache.maven.surefire.booter.ForkedBooter.main(ForkedBooter.java:75)
Caused by: java.net.ConnectException: Connection refused: connect
	at java.net.DualStackPlainSocketImpl.connect0(Native Method)
	at java.net.DualStackPlainSocketImpl.socketConnect(DualStackPlainSocketImpl.java:79)
	at java.net.AbstractPlainSocketImpl.doConnect(AbstractPlainSocketImpl.java:350)
	at java.net.AbstractPlainSocketImpl.connectToAddress(AbstractPlainSocketImpl.java:206)
	at java.net.AbstractPlainSocketImpl.connect(AbstractPlainSocketImpl.java:188)
	at java.net.PlainSocketImpl.connect(PlainSocketImpl.java:172)
	at java.net.SocksSocketImpl.connect(SocksSocketImpl.java:392)
	at java.net.Socket.connect(Socket.java:589)
	at org.apache.http.conn.socket.PlainConnectionSocketFactory.connectSocket(PlainConnectionSocketFactory.java:75)
	at org.apache.http.impl.conn.DefaultHttpClientConnectionOperator.connect(DefaultHttpClientConnectionOperator.java:142)
	... 57 common frames omitted
11:56:21.833 DEBUG com.cognifide.qa.bb.aem.core.modules.Aem65FullModule:39 - Configuring Bobcat module: Aem65FullModule
11:56:21.905 DEBUG com.cognifide.qa.bb.aem.core.modules.AemLoginModule:42 - Configuring Bobcat module: AemLoginModule
11:56:21.917 DEBUG com.cognifide.qa.bb.aem.core.modules.AemSitesAdminModule:47 - Configuring Bobcat module: AemSitesAdminModule
11:56:21.922 DEBUG com.cognifide.qa.bb.aem.core.modules.SlingPageActionsModule:40 - Configuring Bobcat module: SlingPageActionsModule
11:56:21.923 DEBUG com.cognifide.qa.bb.aem.core.modules.AemComponentModule:51 - Configuring Bobcat module: AemComponentModule
11:56:21.931 DEBUG com.cognifide.qa.bb.aem.core.modules.AemSidePanelModule:39 - Configuring Bobcat module: AemSidePanelModule
11:56:21.932 DEBUG com.cognifide.qa.bb.aem.core.modules.AemPageModule:40 - Configuring Bobcat module: AemPageModule
11:56:21.934 DEBUG com.cognifide.qa.bb.aem.core.modules.fields.DialogFieldsModule:54 - Configuring Bobcat module: DialogFieldsModule
11:56:21.939 DEBUG com.cognifide.qa.bb.aem.core.modules.fields.FieldsRegistryModule:49 - Configuring Bobcat module: FieldsRegistryModule
11:56:21.939 DEBUG com.cognifide.qa.bb.aem.core.modules.fields.FieldsRegistryModule:51 - Registering dialog fields...
11:56:21.940 DEBUG com.cognifide.qa.bb.aem.core.modules.fields.FieldsRegistryModule:72 - - registering field: CHECKBOX [class com.cognifide.qa.bb.aem.core.component.dialog.dialogfields.DefaultCheckbox]
11:56:21.940 DEBUG com.cognifide.qa.bb.aem.core.modules.fields.FieldsRegistryModule:72 - - registering field: TEXTFIELD [class com.cognifide.qa.bb.aem.core.component.dialog.dialogfields.DefaultTextfield]
11:56:21.941 DEBUG com.cognifide.qa.bb.aem.core.modules.fields.FieldsRegistryModule:72 - - registering field: IMAGE [class com.cognifide.qa.bb.aem.core.component.dialog.dialogfields.DefaultImage]
11:56:21.941 DEBUG com.cognifide.qa.bb.aem.core.modules.fields.FieldsRegistryModule:72 - - registering field: PATHBROWSER [class com.cognifide.qa.bb.aem.core.component.dialog.dialogfields.DefaultPathBrowser]
11:56:21.942 DEBUG com.cognifide.qa.bb.aem.core.modules.fields.FieldsRegistryModule:72 - - registering field: SELECT [class com.cognifide.qa.bb.aem.core.component.dialog.dialogfields.DefaultSelect]
11:56:21.942 DEBUG com.cognifide.qa.bb.aem.core.modules.fields.FieldsRegistryModule:72 - - registering field: MULTIFIELD [class com.cognifide.qa.bb.aem.core.component.dialog.dialogfields.DefaultMultifield]
11:56:21.942 DEBUG com.cognifide.qa.bb.aem.core.modules.fields.FieldsRegistryModule:72 - - registering field: MULTIFIELD_ITEM [class com.cognifide.qa.bb.aem.core.component.dialog.dialogfields.DefaultMultifieldItem]
11:56:21.943 DEBUG com.cognifide.qa.bb.aem.core.modules.fields.FieldsRegistryModule:72 - - registering field: RADIO_GROUP [class com.cognifide.qa.bb.aem.core.component.dialog.dialogfields.DefaultRadioGroup]
11:56:21.943 DEBUG com.cognifide.qa.bb.aem.core.modules.fields.FieldsRegistryModule:72 - - registering field: RICHTEXT [class com.cognifide.qa.bb.aem.core.component.dialog.dialogfields.DefaultRichText]
11:56:21.944 DEBUG com.cognifide.qa.bb.aem.core.modules.fields.FieldsRegistryModule:72 - - registering field: RTE_OPTIONS [class com.cognifide.qa.bb.aem.core.component.dialog.dialogfields.rte.RteOption]
11:56:21.944 DEBUG com.cognifide.qa.bb.aem.core.modules.fields.FieldsRegistryModule:72 - - registering field: RTE_OPTIONS_HYPERLINK [class com.cognifide.qa.bb.aem.core.component.dialog.dialogfields.rte.Hyperlink]
11:56:21.945 DEBUG com.cognifide.qa.bb.aem.core.modules.fields.FieldsRegistryModule:72 - - registering field: RTE_OPTIONS_LISTS [class com.cognifide.qa.bb.aem.core.component.dialog.dialogfields.rte.Lists]
11:56:21.946 DEBUG com.cognifide.qa.bb.aem.core.modules.fields.FieldsRegistryModule:72 - - registering field: RTE_OPTIONS_PARAGRAPH_FORMATS [class com.cognifide.qa.bb.aem.core.component.dialog.dialogfields.rte.ParagraphFormats]
11:56:53.251 DEBUG com.cognifide.qa.bb.wait.BobcatWait:126 - value to contain "is-selected". Current value: "null" condition has not been met before timeout 
org.openqa.selenium.TimeoutException: Expected condition failed: waiting for value to contain "is-selected". Current value: "null" (tried for 10 second(s) with 500 milliseconds interval)
Build info: version: '3.141.0', revision: '2ecb7d9a', time: '2018-10-31T20:09:30'
System info: host: 'PRFT-14095', ip: '10.110.34.55', os.name: 'Windows 10', os.arch: 'amd64', os.version: '10.0', java.version: '1.8.0_221'
Driver info: com.cognifide.qa.bb.provider.selenium.webdriver.close.ClosingAwareWebDriverWrapper
Capabilities {acceptInsecureCerts: false, browserName: chrome, browserVersion: 76.0.3809.100, chrome: {chromedriverVersion: 75.0.3770.90 (a6dcaf7e3ec6f..., userDataDir: C:\Users\RAGHAV~1.THA\AppDa...}, goog:chromeOptions: {debuggerAddress: localhost:57424}, javascriptEnabled: true, networkConnectionEnabled: false, pageLoadStrategy: normal, platform: XP, platformName: XP, proxy: Proxy(), setWindowRect: true, strictFileInteractability: false, timeouts: {implicit: 0, pageLoad: 300000, script: 30000}, unhandledPromptBehavior: dismiss and notify}
Session ID: 7d281c979a9c5c4e5ca7fb7af8e637bc
	at org.openqa.selenium.support.ui.WebDriverWait.timeoutException(WebDriverWait.java:95)
	at org.openqa.selenium.support.ui.FluentWait.until(FluentWait.java:272)
	at com.cognifide.qa.bb.wait.BobcatWait.until(BobcatWait.java:108)
	at com.cognifide.qa.bb.wait.BobcatWait.isConditionMet(BobcatWait.java:124)
	at com.cognifide.qa.bb.aem.core.component.GlobalBarImpl.isInPreviewMode(GlobalBarImpl.java:80)
	at com.cognifide.qa.bb.aem.core.component.GlobalBarImpl$$EnhancerByGuice$$e104fe94.CGLIB$isInPreviewMode$4(<generated>)
	at com.cognifide.qa.bb.aem.core.component.GlobalBarImpl$$EnhancerByGuice$$e104fe94$$FastClassByGuice$$d54a3d66.invoke(<generated>)
	at com.google.inject.internal.cglib.proxy.$MethodProxy.invokeSuper(MethodProxy.java:228)
	at com.google.inject.internal.InterceptorStackCallback$InterceptedMethodInvocation.proceed(InterceptorStackCallback.java:76)
	at com.cognifide.qa.bb.frame.FrameAspect.switchFrameAndProceed(FrameAspect.java:70)
	at com.cognifide.qa.bb.frame.FrameAspect.invoke(FrameAspect.java:58)
	at com.google.inject.internal.InterceptorStackCallback$InterceptedMethodInvocation.proceed(InterceptorStackCallback.java:78)
	at com.google.inject.internal.InterceptorStackCallback.intercept(InterceptorStackCallback.java:54)
	at com.cognifide.qa.bb.aem.core.component.GlobalBarImpl$$EnhancerByGuice$$e104fe94.isInPreviewMode(<generated>)
	at com.cognifide.qa.bb.aem.core.component.GlobalBarImpl.switchToPreviewMode(GlobalBarImpl.java:72)
	at com.cognifide.qa.bb.aem.core.component.GlobalBarImpl$$EnhancerByGuice$$e104fe94.CGLIB$switchToPreviewMode$0(<generated>)
	at com.cognifide.qa.bb.aem.core.component.GlobalBarImpl$$EnhancerByGuice$$e104fe94$$FastClassByGuice$$d54a3d66.invoke(<generated>)
	at com.google.inject.internal.cglib.proxy.$MethodProxy.invokeSuper(MethodProxy.java:228)
	at com.google.inject.internal.InterceptorStackCallback$InterceptedMethodInvocation.proceed(InterceptorStackCallback.java:76)
	at com.cognifide.qa.bb.frame.FrameAspect.switchFrameAndProceed(FrameAspect.java:70)
	at com.cognifide.qa.bb.frame.FrameAspect.invoke(FrameAspect.java:58)
	at com.google.inject.internal.InterceptorStackCallback$InterceptedMethodInvocation.proceed(InterceptorStackCallback.java:78)
	at com.google.inject.internal.InterceptorStackCallback.intercept(InterceptorStackCallback.java:54)
	at com.cognifide.qa.bb.aem.core.component.GlobalBarImpl$$EnhancerByGuice$$e104fe94.switchToPreviewMode(<generated>)
	at com.cognifide.qa.bb.aem.core.pages.AemAuthorPage.getContent(AemAuthorPage.java:76)
	at bobcat.gradle.BOBCAT.AEM.BDD.pages.TestPage$$EnhancerByGuice$$e530e378.CGLIB$getContent$4(<generated>)
	at bobcat.gradle.BOBCAT.AEM.BDD.pages.TestPage$$EnhancerByGuice$$e530e378$$FastClassByGuice$$7c460bef.invoke(<generated>)
	at com.google.inject.internal.cglib.proxy.$MethodProxy.invokeSuper(MethodProxy.java:228)
	at com.google.inject.internal.InterceptorStackCallback$InterceptedMethodInvocation.proceed(InterceptorStackCallback.java:76)
	at com.cognifide.qa.bb.frame.FrameAspect.switchFrameAndProceed(FrameAspect.java:70)
	at com.cognifide.qa.bb.frame.FrameAspect.invoke(FrameAspect.java:58)
	at com.google.inject.internal.InterceptorStackCallback$InterceptedMethodInvocation.proceed(InterceptorStackCallback.java:78)
	at com.google.inject.internal.InterceptorStackCallback.intercept(InterceptorStackCallback.java:54)
	at bobcat.gradle.BOBCAT.AEM.BDD.pages.TestPage$$EnhancerByGuice$$e530e378.getContent(<generated>)
	at bobcat.gradle.BOBCAT.AEM.BDD.steps.AuthorizationSteps.The_title_component_html_should_match(AuthorizationSteps.java:60)
	at sun.reflect.NativeMethodAccessorImpl.invoke0(Native Method)
	at sun.reflect.NativeMethodAccessorImpl.invoke(NativeMethodAccessorImpl.java:62)
	at sun.reflect.DelegatingMethodAccessorImpl.invoke(DelegatingMethodAccessorImpl.java:43)
	at java.lang.reflect.Method.invoke(Method.java:498)
	at cucumber.runtime.Utils$1.call(Utils.java:26)
	at cucumber.runtime.Timeout.timeout(Timeout.java:16)
	at cucumber.runtime.Utils.invoke(Utils.java:20)
	at cucumber.runtime.java.JavaStepDefinition.execute(JavaStepDefinition.java:57)
	at cucumber.runner.PickleStepDefinitionMatch.runStep(PickleStepDefinitionMatch.java:50)
	at cucumber.runner.TestStep.executeStep(TestStep.java:63)
	at cucumber.runner.TestStep.run(TestStep.java:49)
	at cucumber.runner.PickleStepTestStep.run(PickleStepTestStep.java:43)
	at cucumber.runner.TestCase.run(TestCase.java:45)
	at cucumber.runner.Runner.runPickle(Runner.java:40)
	at cucumber.runtime.junit.PickleRunners$NoStepDescriptions.run(PickleRunners.java:146)
	at cucumber.runtime.junit.FeatureRunner.runChild(FeatureRunner.java:68)
	at cucumber.runtime.junit.FeatureRunner.runChild(FeatureRunner.java:23)
	at org.junit.runners.ParentRunner$3.run(ParentRunner.java:290)
	at org.junit.runners.ParentRunner$1.schedule(ParentRunner.java:71)
	at org.junit.runners.ParentRunner.runChildren(ParentRunner.java:288)
	at org.junit.runners.ParentRunner.access$000(ParentRunner.java:58)
	at org.junit.runners.ParentRunner$2.evaluate(ParentRunner.java:268)
	at org.junit.runners.ParentRunner.run(ParentRunner.java:363)
	at cucumber.runtime.junit.FeatureRunner.run(FeatureRunner.java:73)
	at cucumber.api.junit.Cucumber.runChild(Cucumber.java:122)
	at cucumber.api.junit.Cucumber.runChild(Cucumber.java:64)
	at org.junit.runners.ParentRunner$3.run(ParentRunner.java:290)
	at org.junit.runners.ParentRunner$1.schedule(ParentRunner.java:71)
	at org.junit.runners.ParentRunner.runChildren(ParentRunner.java:288)
	at org.junit.runners.ParentRunner.access$000(ParentRunner.java:58)
	at org.junit.runners.ParentRunner$2.evaluate(ParentRunner.java:268)
	at cucumber.api.junit.Cucumber$1.evaluate(Cucumber.java:131)
	at org.junit.runners.ParentRunner.run(ParentRunner.java:363)
	at org.apache.maven.surefire.junit4.JUnit4Provider.execute(JUnit4Provider.java:252)
	at org.apache.maven.surefire.junit4.JUnit4Provider.executeTestSet(JUnit4Provider.java:141)
	at org.apache.maven.surefire.junit4.JUnit4Provider.invoke(JUnit4Provider.java:112)
	at sun.reflect.NativeMethodAccessorImpl.invoke0(Native Method)
	at sun.reflect.NativeMethodAccessorImpl.invoke(NativeMethodAccessorImpl.java:62)
	at sun.reflect.DelegatingMethodAccessorImpl.invoke(DelegatingMethodAccessorImpl.java:43)
	at java.lang.reflect.Method.invoke(Method.java:498)
	at org.apache.maven.surefire.util.ReflectionUtils.invokeMethodWithArray(ReflectionUtils.java:189)
	at org.apache.maven.surefire.booter.ProviderFactory$ProviderProxy.invoke(ProviderFactory.java:165)
	at org.apache.maven.surefire.booter.ProviderFactory.invokeProvider(ProviderFactory.java:85)
	at org.apache.maven.surefire.booter.ForkedBooter.runSuitesInProcess(ForkedBooter.java:115)
	at org.apache.maven.surefire.booter.ForkedBooter.main(ForkedBooter.java:75)
11:56:53.474 DEBUG com.cognifide.qa.bb.scope.frame.type.NamedFrame:52 - Switching to ContentFrame
11:56:57.319 DEBUG com.cognifide.qa.bb.scope.frame.type.DefaultFrame:40 - Switching to default content
11:56:57.325 DEBUG com.cognifide.qa.bb.scope.frame.type.NamedFrame:52 - Switching to ContentFrame
11:56:58.427 DEBUG com.cognifide.qa.bb.scope.frame.type.DefaultFrame:40 - Switching to default content
12:32:12.788 DEBUG com.cognifide.qa.bb.aem.core.modules.Aem65FullModule:39 - Configuring Bobcat module: Aem65FullModule
12:32:12.868 DEBUG com.cognifide.qa.bb.aem.core.modules.AemLoginModule:42 - Configuring Bobcat module: AemLoginModule
12:32:12.879 DEBUG com.cognifide.qa.bb.aem.core.modules.AemSitesAdminModule:47 - Configuring Bobcat module: AemSitesAdminModule
12:32:12.885 DEBUG com.cognifide.qa.bb.aem.core.modules.SlingPageActionsModule:40 - Configuring Bobcat module: SlingPageActionsModule
12:32:12.888 DEBUG com.cognifide.qa.bb.aem.core.modules.AemComponentModule:51 - Configuring Bobcat module: AemComponentModule
12:32:12.899 DEBUG com.cognifide.qa.bb.aem.core.modules.AemSidePanelModule:39 - Configuring Bobcat module: AemSidePanelModule
12:32:12.901 DEBUG com.cognifide.qa.bb.aem.core.modules.AemPageModule:40 - Configuring Bobcat module: AemPageModule
12:32:12.903 DEBUG com.cognifide.qa.bb.aem.core.modules.fields.DialogFieldsModule:54 - Configuring Bobcat module: DialogFieldsModule
12:32:12.910 DEBUG com.cognifide.qa.bb.aem.core.modules.fields.FieldsRegistryModule:49 - Configuring Bobcat module: FieldsRegistryModule
12:32:12.910 DEBUG com.cognifide.qa.bb.aem.core.modules.fields.FieldsRegistryModule:51 - Registering dialog fields...
12:32:12.912 DEBUG com.cognifide.qa.bb.aem.core.modules.fields.FieldsRegistryModule:72 - - registering field: CHECKBOX [class com.cognifide.qa.bb.aem.core.component.dialog.dialogfields.DefaultCheckbox]
12:32:12.912 DEBUG com.cognifide.qa.bb.aem.core.modules.fields.FieldsRegistryModule:72 - - registering field: TEXTFIELD [class com.cognifide.qa.bb.aem.core.component.dialog.dialogfields.DefaultTextfield]
12:32:12.913 DEBUG com.cognifide.qa.bb.aem.core.modules.fields.FieldsRegistryModule:72 - - registering field: IMAGE [class com.cognifide.qa.bb.aem.core.component.dialog.dialogfields.DefaultImage]
12:32:12.913 DEBUG com.cognifide.qa.bb.aem.core.modules.fields.FieldsRegistryModule:72 - - registering field: PATHBROWSER [class com.cognifide.qa.bb.aem.core.component.dialog.dialogfields.DefaultPathBrowser]
12:32:12.914 DEBUG com.cognifide.qa.bb.aem.core.modules.fields.FieldsRegistryModule:72 - - registering field: SELECT [class com.cognifide.qa.bb.aem.core.component.dialog.dialogfields.DefaultSelect]
12:32:12.914 DEBUG com.cognifide.qa.bb.aem.core.modules.fields.FieldsRegistryModule:72 - - registering field: MULTIFIELD [class com.cognifide.qa.bb.aem.core.component.dialog.dialogfields.DefaultMultifield]
12:32:12.915 DEBUG com.cognifide.qa.bb.aem.core.modules.fields.FieldsRegistryModule:72 - - registering field: MULTIFIELD_ITEM [class com.cognifide.qa.bb.aem.core.component.dialog.dialogfields.DefaultMultifieldItem]
12:32:12.915 DEBUG com.cognifide.qa.bb.aem.core.modules.fields.FieldsRegistryModule:72 - - registering field: RADIO_GROUP [class com.cognifide.qa.bb.aem.core.component.dialog.dialogfields.DefaultRadioGroup]
12:32:12.915 DEBUG com.cognifide.qa.bb.aem.core.modules.fields.FieldsRegistryModule:72 - - registering field: RICHTEXT [class com.cognifide.qa.bb.aem.core.component.dialog.dialogfields.DefaultRichText]
12:32:12.916 DEBUG com.cognifide.qa.bb.aem.core.modules.fields.FieldsRegistryModule:72 - - registering field: RTE_OPTIONS [class com.cognifide.qa.bb.aem.core.component.dialog.dialogfields.rte.RteOption]
12:32:12.918 DEBUG com.cognifide.qa.bb.aem.core.modules.fields.FieldsRegistryModule:72 - - registering field: RTE_OPTIONS_HYPERLINK [class com.cognifide.qa.bb.aem.core.component.dialog.dialogfields.rte.Hyperlink]
12:32:12.919 DEBUG com.cognifide.qa.bb.aem.core.modules.fields.FieldsRegistryModule:72 - - registering field: RTE_OPTIONS_LISTS [class com.cognifide.qa.bb.aem.core.component.dialog.dialogfields.rte.Lists]
12:32:12.920 DEBUG com.cognifide.qa.bb.aem.core.modules.fields.FieldsRegistryModule:72 - - registering field: RTE_OPTIONS_PARAGRAPH_FORMATS [class com.cognifide.qa.bb.aem.core.component.dialog.dialogfields.rte.ParagraphFormats]
12:32:44.844 DEBUG com.cognifide.qa.bb.wait.BobcatWait:126 - value to contain "is-selected". Current value: "null" condition has not been met before timeout 
org.openqa.selenium.TimeoutException: Expected condition failed: waiting for value to contain "is-selected". Current value: "null" (tried for 10 second(s) with 500 milliseconds interval)
Build info: version: '3.141.0', revision: '2ecb7d9a', time: '2018-10-31T20:09:30'
System info: host: 'PRFT-14095', ip: '10.110.34.55', os.name: 'Windows 10', os.arch: 'amd64', os.version: '10.0', java.version: '1.8.0_221'
Driver info: com.cognifide.qa.bb.provider.selenium.webdriver.close.ClosingAwareWebDriverWrapper
Capabilities {acceptInsecureCerts: false, browserName: chrome, browserVersion: 76.0.3809.100, chrome: {chromedriverVersion: 75.0.3770.90 (a6dcaf7e3ec6f..., userDataDir: C:\Users\RAGHAV~1.THA\AppDa...}, goog:chromeOptions: {debuggerAddress: localhost:58316}, javascriptEnabled: true, networkConnectionEnabled: false, pageLoadStrategy: normal, platform: XP, platformName: XP, proxy: Proxy(), setWindowRect: true, strictFileInteractability: false, timeouts: {implicit: 0, pageLoad: 300000, script: 30000}, unhandledPromptBehavior: dismiss and notify}
Session ID: 7a02322826276bbd925fa89032587fd0
	at org.openqa.selenium.support.ui.WebDriverWait.timeoutException(WebDriverWait.java:95)
	at org.openqa.selenium.support.ui.FluentWait.until(FluentWait.java:272)
	at com.cognifide.qa.bb.wait.BobcatWait.until(BobcatWait.java:108)
	at com.cognifide.qa.bb.wait.BobcatWait.isConditionMet(BobcatWait.java:124)
	at com.cognifide.qa.bb.aem.core.component.GlobalBarImpl.isInPreviewMode(GlobalBarImpl.java:80)
	at com.cognifide.qa.bb.aem.core.component.GlobalBarImpl$$EnhancerByGuice$$e104fe94.CGLIB$isInPreviewMode$4(<generated>)
	at com.cognifide.qa.bb.aem.core.component.GlobalBarImpl$$EnhancerByGuice$$e104fe94$$FastClassByGuice$$d54a3d66.invoke(<generated>)
	at com.google.inject.internal.cglib.proxy.$MethodProxy.invokeSuper(MethodProxy.java:228)
	at com.google.inject.internal.InterceptorStackCallback$InterceptedMethodInvocation.proceed(InterceptorStackCallback.java:76)
	at com.cognifide.qa.bb.frame.FrameAspect.switchFrameAndProceed(FrameAspect.java:70)
	at com.cognifide.qa.bb.frame.FrameAspect.invoke(FrameAspect.java:58)
	at com.google.inject.internal.InterceptorStackCallback$InterceptedMethodInvocation.proceed(InterceptorStackCallback.java:78)
	at com.google.inject.internal.InterceptorStackCallback.intercept(InterceptorStackCallback.java:54)
	at com.cognifide.qa.bb.aem.core.component.GlobalBarImpl$$EnhancerByGuice$$e104fe94.isInPreviewMode(<generated>)
	at com.cognifide.qa.bb.aem.core.component.GlobalBarImpl.switchToPreviewMode(GlobalBarImpl.java:72)
	at com.cognifide.qa.bb.aem.core.component.GlobalBarImpl$$EnhancerByGuice$$e104fe94.CGLIB$switchToPreviewMode$0(<generated>)
	at com.cognifide.qa.bb.aem.core.component.GlobalBarImpl$$EnhancerByGuice$$e104fe94$$FastClassByGuice$$d54a3d66.invoke(<generated>)
	at com.google.inject.internal.cglib.proxy.$MethodProxy.invokeSuper(MethodProxy.java:228)
	at com.google.inject.internal.InterceptorStackCallback$InterceptedMethodInvocation.proceed(InterceptorStackCallback.java:76)
	at com.cognifide.qa.bb.frame.FrameAspect.switchFrameAndProceed(FrameAspect.java:70)
	at com.cognifide.qa.bb.frame.FrameAspect.invoke(FrameAspect.java:58)
	at com.google.inject.internal.InterceptorStackCallback$InterceptedMethodInvocation.proceed(InterceptorStackCallback.java:78)
	at com.google.inject.internal.InterceptorStackCallback.intercept(InterceptorStackCallback.java:54)
	at com.cognifide.qa.bb.aem.core.component.GlobalBarImpl$$EnhancerByGuice$$e104fe94.switchToPreviewMode(<generated>)
	at com.cognifide.qa.bb.aem.core.pages.AemAuthorPage.getContent(AemAuthorPage.java:76)
	at bobcat.gradle.BOBCAT.AEM.BDD.pages.TestPage$$EnhancerByGuice$$e530e378.CGLIB$getContent$4(<generated>)
	at bobcat.gradle.BOBCAT.AEM.BDD.pages.TestPage$$EnhancerByGuice$$e530e378$$FastClassByGuice$$7c460bef.invoke(<generated>)
	at com.google.inject.internal.cglib.proxy.$MethodProxy.invokeSuper(MethodProxy.java:228)
	at com.google.inject.internal.InterceptorStackCallback$InterceptedMethodInvocation.proceed(InterceptorStackCallback.java:76)
	at com.cognifide.qa.bb.frame.FrameAspect.switchFrameAndProceed(FrameAspect.java:70)
	at com.cognifide.qa.bb.frame.FrameAspect.invoke(FrameAspect.java:58)
	at com.google.inject.internal.InterceptorStackCallback$InterceptedMethodInvocation.proceed(InterceptorStackCallback.java:78)
	at com.google.inject.internal.InterceptorStackCallback.intercept(InterceptorStackCallback.java:54)
	at bobcat.gradle.BOBCAT.AEM.BDD.pages.TestPage$$EnhancerByGuice$$e530e378.getContent(<generated>)
	at bobcat.gradle.BOBCAT.AEM.BDD.steps.AuthorizationSteps.The_title_component_html_should_match(AuthorizationSteps.java:60)
	at sun.reflect.NativeMethodAccessorImpl.invoke0(Native Method)
	at sun.reflect.NativeMethodAccessorImpl.invoke(NativeMethodAccessorImpl.java:62)
	at sun.reflect.DelegatingMethodAccessorImpl.invoke(DelegatingMethodAccessorImpl.java:43)
	at java.lang.reflect.Method.invoke(Method.java:498)
	at cucumber.runtime.Utils$1.call(Utils.java:26)
	at cucumber.runtime.Timeout.timeout(Timeout.java:16)
	at cucumber.runtime.Utils.invoke(Utils.java:20)
	at cucumber.runtime.java.JavaStepDefinition.execute(JavaStepDefinition.java:57)
	at cucumber.runner.PickleStepDefinitionMatch.runStep(PickleStepDefinitionMatch.java:50)
	at cucumber.runner.TestStep.executeStep(TestStep.java:63)
	at cucumber.runner.TestStep.run(TestStep.java:49)
	at cucumber.runner.PickleStepTestStep.run(PickleStepTestStep.java:43)
	at cucumber.runner.TestCase.run(TestCase.java:45)
	at cucumber.runner.Runner.runPickle(Runner.java:40)
	at cucumber.runtime.junit.PickleRunners$NoStepDescriptions.run(PickleRunners.java:146)
	at cucumber.runtime.junit.FeatureRunner.runChild(FeatureRunner.java:68)
	at cucumber.runtime.junit.FeatureRunner.runChild(FeatureRunner.java:23)
	at org.junit.runners.ParentRunner$3.run(ParentRunner.java:290)
	at org.junit.runners.ParentRunner$1.schedule(ParentRunner.java:71)
	at org.junit.runners.ParentRunner.runChildren(ParentRunner.java:288)
	at org.junit.runners.ParentRunner.access$000(ParentRunner.java:58)
	at org.junit.runners.ParentRunner$2.evaluate(ParentRunner.java:268)
	at org.junit.runners.ParentRunner.run(ParentRunner.java:363)
	at cucumber.runtime.junit.FeatureRunner.run(FeatureRunner.java:73)
	at cucumber.api.junit.Cucumber.runChild(Cucumber.java:122)
	at cucumber.api.junit.Cucumber.runChild(Cucumber.java:64)
	at org.junit.runners.ParentRunner$3.run(ParentRunner.java:290)
	at org.junit.runners.ParentRunner$1.schedule(ParentRunner.java:71)
	at org.junit.runners.ParentRunner.runChildren(ParentRunner.java:288)
	at org.junit.runners.ParentRunner.access$000(ParentRunner.java:58)
	at org.junit.runners.ParentRunner$2.evaluate(ParentRunner.java:268)
	at cucumber.api.junit.Cucumber$1.evaluate(Cucumber.java:131)
	at org.junit.runners.ParentRunner.run(ParentRunner.java:363)
	at org.apache.maven.surefire.junit4.JUnit4Provider.execute(JUnit4Provider.java:252)
	at org.apache.maven.surefire.junit4.JUnit4Provider.executeTestSet(JUnit4Provider.java:141)
	at org.apache.maven.surefire.junit4.JUnit4Provider.invoke(JUnit4Provider.java:112)
	at sun.reflect.NativeMethodAccessorImpl.invoke0(Native Method)
	at sun.reflect.NativeMethodAccessorImpl.invoke(NativeMethodAccessorImpl.java:62)
	at sun.reflect.DelegatingMethodAccessorImpl.invoke(DelegatingMethodAccessorImpl.java:43)
	at java.lang.reflect.Method.invoke(Method.java:498)
	at org.apache.maven.surefire.util.ReflectionUtils.invokeMethodWithArray(ReflectionUtils.java:189)
	at org.apache.maven.surefire.booter.ProviderFactory$ProviderProxy.invoke(ProviderFactory.java:165)
	at org.apache.maven.surefire.booter.ProviderFactory.invokeProvider(ProviderFactory.java:85)
	at org.apache.maven.surefire.booter.ForkedBooter.runSuitesInProcess(ForkedBooter.java:115)
	at org.apache.maven.surefire.booter.ForkedBooter.main(ForkedBooter.java:75)
12:32:45.114 DEBUG com.cognifide.qa.bb.scope.frame.type.NamedFrame:52 - Switching to ContentFrame
12:32:49.484 DEBUG com.cognifide.qa.bb.scope.frame.type.DefaultFrame:40 - Switching to default content
12:32:49.491 DEBUG com.cognifide.qa.bb.scope.frame.type.NamedFrame:52 - Switching to ContentFrame
12:32:50.621 DEBUG com.cognifide.qa.bb.scope.frame.type.DefaultFrame:40 - Switching to default content
